<?xml version="1.0" encoding="UTF-8"?>
<!-- Generated by org.testng.reporters.JUnitXMLReporter -->
<testsuite ignored="0" hostname="MahnoorNazeer" failures="0" tests="4" name="Default test" time="57.687" errors="0" timestamp="2025-01-15T17:38:08 PKT">
  <testcase classname="FrameworkPractice.SeleniumFrameworkDesign.Tests.SubmitOrderr" name="SubmitOrderTest" time="20.108"/>
  <testcase classname="FrameworkPractice.SeleniumFrameworkDesign.Tests.SubmitOrderr" name="SubmitOrderTest" time="19.607"/>
  <testcase classname="FrameworkPractice.SeleniumFrameworkDesign.Tests.SubmitOrderr" name="OrderHistoryTest" time="5.1"/>
  <testcase classname="FrameworkPractice.SeleniumFrameworkDesign.Tests.SubmitOrderr" name="OrderHistoryTest" time="4.606"/>
</testsuite> <!-- Default test -->
