<?xml version="1.0" encoding="UTF-8"?>
<!-- Generated by org.testng.reporters.JUnitXMLReporter -->
<testsuite ignored="0" hostname="MahnoorNazeer" failures="0" tests="4" name="Submit Order" time="61.023" errors="0" timestamp="2025-01-17T12:10:25 PKT">
  <testcase classname="FrameworkPractice.SeleniumFrameworkDesign.Tests.SubmitOrderr" name="SubmitOrderTest" time="19.744"/>
  <testcase classname="FrameworkPractice.SeleniumFrameworkDesign.Tests.SubmitOrderr" name="SubmitOrderTest" time="19.501"/>
  <testcase classname="FrameworkPractice.SeleniumFrameworkDesign.Tests.SubmitOrderr" name="OrderHistoryTest" time="6.48"/>
  <testcase classname="FrameworkPractice.SeleniumFrameworkDesign.Tests.SubmitOrderr" name="OrderHistoryTest" time="4.068"/>
</testsuite> <!-- Submit Order -->
