<?xml version="1.0" encoding="UTF-8"?>
<!-- Generated by org.testng.reporters.JUnitXMLReporter -->
<testsuite ignored="0" hostname="MahnoorNazeer" failures="0" tests="4" name="Submit Order" time="52.895" errors="0" timestamp="2025-01-20T15:38:30 PKT">
  <testcase classname="FrameworkPractice.SeleniumFrameworkDesign.Tests.SubmitOrderr" name="SubmitOrderTest" time="22.426"/>
  <testcase classname="FrameworkPractice.SeleniumFrameworkDesign.Tests.SubmitOrderr" name="SubmitOrderTest" time="9.114"/>
  <testcase classname="FrameworkPractice.SeleniumFrameworkDesign.Tests.SubmitOrderr" name="OrderHistoryTest" time="5.509"/>
  <testcase classname="FrameworkPractice.SeleniumFrameworkDesign.Tests.SubmitOrderr" name="OrderHistoryTest" time="4.762"/>
</testsuite> <!-- Submit Order -->
