<?xml version="1.0" encoding="UTF-8"?>
<testng-results ignored="0" total="5" passed="5" failed="0" skipped="0">
  <reporter-output>
  </reporter-output>
  <suite started-at="2025-01-20T15:37:37 PKT" name="Suite" finished-at="2025-01-20T15:38:30 PKT" duration-ms="52895">
    <groups>
      <group name="ErrorHandling">
        <method signature="ErrorValidations.IncorrectCredentials()[pri:0, instance:FrameworkPractice.SeleniumFrameworkDesign.Tests.ErrorValidations@47caedad]" name="IncorrectCredentials" class="FrameworkPractice.SeleniumFrameworkDesign.Tests.ErrorValidations"/>
      </group> <!-- ErrorHandling -->
    </groups>
    <test started-at="2025-01-20T15:37:37 PKT" name="Error Validations" finished-at="2025-01-20T15:37:47 PKT" duration-ms="9473">
      <class name="FrameworkPractice.SeleniumFrameworkDesign.Tests.ErrorValidations">
        <test-method is-config="true" signature="initializeDriver()[pri:0, instance:FrameworkPractice.SeleniumFrameworkDesign.Tests.ErrorValidations@47caedad]" started-at="2025-01-20T15:37:37 PKT" name="initializeDriver" finished-at="2025-01-20T15:37:41 PKT" duration-ms="3217" status="PASS">
          <reporter-output>
          </reporter-output>
        </test-method> <!-- initializeDriver -->
        <test-method signature="IncorrectCredentials()[pri:0, instance:FrameworkPractice.SeleniumFrameworkDesign.Tests.ErrorValidations@47caedad]" started-at="2025-01-20T15:37:41 PKT" name="IncorrectCredentials" finished-at="2025-01-20T15:37:46 PKT" duration-ms="5641" status="PASS">
          <reporter-output>
          </reporter-output>
        </test-method> <!-- IncorrectCredentials -->
        <test-method is-config="true" signature="TearDown()[pri:0, instance:FrameworkPractice.SeleniumFrameworkDesign.Tests.ErrorValidations@47caedad]" started-at="2025-01-20T15:37:46 PKT" name="TearDown" finished-at="2025-01-20T15:37:47 PKT" duration-ms="486" status="PASS">
          <reporter-output>
          </reporter-output>
        </test-method> <!-- TearDown -->
      </class> <!-- FrameworkPractice.SeleniumFrameworkDesign.Tests.ErrorValidations -->
    </test> <!-- Error Validations -->
    <test started-at="2025-01-20T15:37:37 PKT" name="Submit Order" finished-at="2025-01-20T15:38:30 PKT" duration-ms="52895">
      <class name="FrameworkPractice.SeleniumFrameworkDesign.Tests.SubmitOrderr">
        <test-method is-config="true" signature="initializeDriver()[pri:0, instance:FrameworkPractice.SeleniumFrameworkDesign.Tests.SubmitOrderr@7c37508a]" started-at="2025-01-20T15:37:38 PKT" name="initializeDriver" finished-at="2025-01-20T15:37:41 PKT" duration-ms="2974" status="PASS">
          <reporter-output>
          </reporter-output>
        </test-method> <!-- initializeDriver -->
        <test-method signature="SubmitOrderTest(java.util.HashMap)[pri:0, instance:FrameworkPractice.SeleniumFrameworkDesign.Tests.SubmitOrderr@7c37508a]" started-at="2025-01-20T15:37:41 PKT" name="SubmitOrderTest" data-provider="getData" finished-at="2025-01-20T15:38:03 PKT" duration-ms="22426" status="PASS">
          <params>
            <param index="0">
              <value>
                <![CDATA[{password=nazMah@123, email=test@mahnoor.com, productName=BANARSI SAREE}]]>
              </value>
            </param>
          </params>
          <reporter-output>
          </reporter-output>
        </test-method> <!-- SubmitOrderTest -->
        <test-method is-config="true" signature="TearDown()[pri:0, instance:FrameworkPractice.SeleniumFrameworkDesign.Tests.SubmitOrderr@7c37508a]" started-at="2025-01-20T15:38:03 PKT" name="TearDown" finished-at="2025-01-20T15:38:03 PKT" duration-ms="298" status="PASS">
          <reporter-output>
          </reporter-output>
        </test-method> <!-- TearDown -->
        <test-method is-config="true" signature="initializeDriver()[pri:0, instance:FrameworkPractice.SeleniumFrameworkDesign.Tests.SubmitOrderr@7c37508a]" started-at="2025-01-20T15:38:03 PKT" name="initializeDriver" finished-at="2025-01-20T15:38:06 PKT" duration-ms="2450" status="PASS">
          <reporter-output>
          </reporter-output>
        </test-method> <!-- initializeDriver -->
        <test-method signature="SubmitOrderTest(java.util.HashMap)[pri:0, instance:FrameworkPractice.SeleniumFrameworkDesign.Tests.SubmitOrderr@7c37508a]" started-at="2025-01-20T15:38:06 PKT" name="SubmitOrderTest" data-provider="getData" finished-at="2025-01-20T15:38:15 PKT" duration-ms="9114" status="PASS">
          <params>
            <param index="0">
              <value>
                <![CDATA[{password=Iamking@000, email=anshika@gmail.com, productName=IPHONE 13 PRO}]]>
              </value>
            </param>
          </params>
          <reporter-output>
          </reporter-output>
        </test-method> <!-- SubmitOrderTest -->
        <test-method is-config="true" signature="TearDown()[pri:0, instance:FrameworkPractice.SeleniumFrameworkDesign.Tests.SubmitOrderr@7c37508a]" started-at="2025-01-20T15:38:15 PKT" name="TearDown" finished-at="2025-01-20T15:38:15 PKT" duration-ms="431" status="PASS">
          <reporter-output>
          </reporter-output>
        </test-method> <!-- TearDown -->
        <test-method is-config="true" signature="initializeDriver()[pri:0, instance:FrameworkPractice.SeleniumFrameworkDesign.Tests.SubmitOrderr@7c37508a]" started-at="2025-01-20T15:38:15 PKT" name="initializeDriver" finished-at="2025-01-20T15:38:17 PKT" duration-ms="2053" status="PASS">
          <reporter-output>
          </reporter-output>
        </test-method> <!-- initializeDriver -->
        <test-method signature="OrderHistoryTest(java.util.HashMap)[pri:0, instance:FrameworkPractice.SeleniumFrameworkDesign.Tests.SubmitOrderr@7c37508a]" started-at="2025-01-20T15:38:17 PKT" name="OrderHistoryTest" data-provider="getData" finished-at="2025-01-20T15:38:23 PKT" depends-on-methods="FrameworkPractice.SeleniumFrameworkDesign.Tests.SubmitOrderr.SubmitOrderTest" duration-ms="5509" status="PASS">
          <params>
            <param index="0">
              <value>
                <![CDATA[{password=nazMah@123, email=test@mahnoor.com, productName=BANARSI SAREE}]]>
              </value>
            </param>
          </params>
          <reporter-output>
          </reporter-output>
        </test-method> <!-- OrderHistoryTest -->
        <test-method is-config="true" signature="TearDown()[pri:0, instance:FrameworkPractice.SeleniumFrameworkDesign.Tests.SubmitOrderr@7c37508a]" started-at="2025-01-20T15:38:23 PKT" name="TearDown" finished-at="2025-01-20T15:38:23 PKT" duration-ms="262" status="PASS">
          <reporter-output>
          </reporter-output>
        </test-method> <!-- TearDown -->
        <test-method is-config="true" signature="initializeDriver()[pri:0, instance:FrameworkPractice.SeleniumFrameworkDesign.Tests.SubmitOrderr@7c37508a]" started-at="2025-01-20T15:38:23 PKT" name="initializeDriver" finished-at="2025-01-20T15:38:25 PKT" duration-ms="2077" status="PASS">
          <reporter-output>
          </reporter-output>
        </test-method> <!-- initializeDriver -->
        <test-method signature="OrderHistoryTest(java.util.HashMap)[pri:0, instance:FrameworkPractice.SeleniumFrameworkDesign.Tests.SubmitOrderr@7c37508a]" started-at="2025-01-20T15:38:25 PKT" name="OrderHistoryTest" data-provider="getData" finished-at="2025-01-20T15:38:30 PKT" depends-on-methods="FrameworkPractice.SeleniumFrameworkDesign.Tests.SubmitOrderr.SubmitOrderTest" duration-ms="4762" status="PASS">
          <params>
            <param index="0">
              <value>
                <![CDATA[{password=Iamking@000, email=anshika@gmail.com, productName=IPHONE 13 PRO}]]>
              </value>
            </param>
          </params>
          <reporter-output>
          </reporter-output>
        </test-method> <!-- OrderHistoryTest -->
        <test-method is-config="true" signature="TearDown()[pri:0, instance:FrameworkPractice.SeleniumFrameworkDesign.Tests.SubmitOrderr@7c37508a]" started-at="2025-01-20T15:38:30 PKT" name="TearDown" finished-at="2025-01-20T15:38:30 PKT" duration-ms="222" status="PASS">
          <reporter-output>
          </reporter-output>
        </test-method> <!-- TearDown -->
      </class> <!-- FrameworkPractice.SeleniumFrameworkDesign.Tests.SubmitOrderr -->
    </test> <!-- Submit Order -->
  </suite> <!-- Suite -->
</testng-results>
